<?xml version="1.0" encoding="UTF-8"?>
<!-- Generated by org.testng.reporters.JUnitReportReporter -->
<testsuite skipped="0" hostname="DESKTOP-2EHDPTI" name="test.WFH1.EditPI" tests="1" failures="0" timestamp="02 Apr 2020 08:11:36 GMT" time="768.064" errors="0">
  <testcase name="testUntitled" time="768.064" classname="test.WFH1.EditPI"/>
</testsuite> <!-- test.WFH1.EditPI -->
