<?xml version="1.0" encoding="UTF-8"?>
<!-- Generated by org.testng.reporters.JUnitReportReporter -->
<testsuite skipped="0" hostname="DESKTOP-2EHDPTI" name="test.WFH1.StrictFilter" tests="1" failures="0" timestamp="01 Apr 2020 11:37:25 GMT" time="74.983" errors="0">
  <testcase name="testUntitled" time="74.983" classname="test.WFH1.StrictFilter"/>
</testsuite> <!-- test.WFH1.StrictFilter -->
